[clickhouse]host(s)=127.0.0.1:9000, database=default, username=default
[clickhouse][dial] secure=false, skip_verify=false, strategy=random, ident=1, server=0 -> 127.0.0.1:9000
[clickhouse][connect=1][hello] -> Golang SQLDriver 1.1.54213
[clickhouse][connect=1][hello] <- ClickHouse 21.3.54447 (US/Pacific)
[clickhouse][connect=1]-> ping
[clickhouse][connect=1][process] <- pong
[clickhouse]host(s)=127.0.0.1:9000, database=default, username=default
[clickhouse][dial] secure=false, skip_verify=false, strategy=random, ident=1, server=0 -> 127.0.0.1:9000
[clickhouse][connect=1][hello] -> Golang SQLDriver 1.1.54213
[clickhouse][connect=1][hello] <- ClickHouse 21.3.54447 (US/Pacific)
[clickhouse][connect=1]-> ping
[clickhouse][connect=1][process] <- pong
[clickhouse]host(s)=127.0.0.1:9000, database=default, username=default
[clickhouse][dial] secure=false, skip_verify=false, strategy=random, ident=1, server=0 -> 127.0.0.1:9000
[clickhouse][connect=1][hello] -> Golang SQLDriver 1.1.54213
[clickhouse][connect=1][hello] <- ClickHouse 21.3.54447 (US/Pacific)
[clickhouse][connect=1]-> ping
[clickhouse][connect=1][process] <- pong
[clickhouse]host(s)=127.0.0.1:9000, database=default, username=default
[clickhouse][dial] secure=false, skip_verify=false, strategy=random, ident=1, server=0 -> 127.0.0.1:9000
[clickhouse][connect=1][hello] -> Golang SQLDriver 1.1.54213
[clickhouse][connect=1][hello] <- ClickHouse 21.3.54447 (US/Pacific)
[clickhouse][connect=1]-> ping
[clickhouse][connect=1][process] <- pong
[clickhouse][connect=1][prepare] 
		SELECT geoid, quantileExact(0.5)(rate) AS rate, count(*) AS samples
		FROM tests
		WHERE upload = ?
		AND started_at >= ?
		AND started_at <= ?
		GROUP BY geoid
		ORDER BY geoid;
[clickhouse][connect=1][send query] 
		SELECT geoid, quantileExact(0.5)(rate) AS rate, count(*) AS samples
		FROM tests
		WHERE upload = 1
		AND started_at >= '2021-01-01'
		AND started_at <= '2021-03-19'
		GROUP BY geoid
		ORDER BY geoid;
[clickhouse][connect=1][read meta] <- data: packet=1, columns=3, rows=0
[clickhouse][connect=1][rows] <- progress: rows=11406778, bytes=262355894, total rows=39649487
[clickhouse][connect=1][rows] <- progress: rows=12328960, bytes=283566080, total rows=0
[clickhouse][connect=1][rows] <- progress: rows=14977350, bytes=344479050, total rows=0
[clickhouse][connect=1][rows] <- data: packet=1, columns=3, rows=3117, elapsed=973.37µs
[clickhouse][connect=1][rows] <- profiling: rows=3117, bytes=114688, blocks=1
[clickhouse][connect=1][rows] <- progress: rows=936399, bytes=21537177, total rows=0
[clickhouse][connect=1][rows] <- data: packet=1, columns=0, rows=0, elapsed=4.197µs
[clickhouse][connect=1][rows] <- progress: rows=0, bytes=0, total rows=0
[clickhouse][connect=1][rows] <- end of stream
[clickhouse][connect=1][rows] close
[clickhouse][connect=1][stmt] close
[clickhouse][connect=1][prepare] 
		SELECT geoid, quantileExact(0.5)(rate) AS rate, count(*) AS samples
		FROM tests
		WHERE upload = ?
		AND started_at >= ?
		AND started_at <= ?
		GROUP BY geoid
		ORDER BY geoid;
[clickhouse][connect=1][send query] 
		SELECT geoid, quantileExact(0.5)(rate) AS rate, count(*) AS samples
		FROM tests
		WHERE upload = 1
		AND started_at >= '2021-01-01'
		AND started_at <= '2021-03-19'
		GROUP BY geoid
		ORDER BY geoid;
[clickhouse][connect=1][read meta] <- data: packet=1, columns=3, rows=0
[clickhouse][connect=1][rows] <- progress: rows=19819931, bytes=455858413, total rows=39649487
[clickhouse][connect=1][rows] <- progress: rows=19829556, bytes=456079788, total rows=0
[clickhouse][connect=1][rows] <- data: packet=1, columns=3, rows=3117, elapsed=947.002µs
[clickhouse][connect=1][rows] <- profiling: rows=3117, bytes=114688, blocks=1
[clickhouse][connect=1][rows] <- progress: rows=0, bytes=0, total rows=0
[clickhouse][connect=1][rows] <- data: packet=1, columns=0, rows=0, elapsed=1.373µs
[clickhouse][connect=1][rows] <- progress: rows=0, bytes=0, total rows=0
[clickhouse][connect=1][rows] <- end of stream
[clickhouse][connect=1][rows] close
[clickhouse][connect=1][stmt] close
[clickhouse][connect=1][prepare] 
		SELECT geoid, quantileExact(0.5)(rate) AS rate, count(*) AS samples
		FROM tests
		WHERE upload = ?
		AND started_at >= ?
		AND started_at <= ?
		GROUP BY geoid
		ORDER BY geoid;
[clickhouse][connect=1][send query] 
		SELECT geoid, quantileExact(0.5)(rate) AS rate, count(*) AS samples
		FROM tests
		WHERE upload = 1
		AND started_at >= '2021-01-01'
		AND started_at <= '2021-01-13'
		GROUP BY geoid
		ORDER BY geoid;
[clickhouse][connect=1][read meta] <- data: packet=1, columns=3, rows=0
[clickhouse][connect=1][rows] <- progress: rows=22798970, bytes=524376310, total rows=39649487
[clickhouse][connect=1][rows] <- progress: rows=16850517, bytes=387561891, total rows=0
[clickhouse][connect=1][rows] <- data: packet=1, columns=3, rows=3081, elapsed=980.145µs
[clickhouse][connect=1][rows] <- profiling: rows=3081, bytes=102572, blocks=1
[clickhouse][connect=1][rows] <- progress: rows=0, bytes=0, total rows=0
[clickhouse][connect=1][rows] <- data: packet=1, columns=0, rows=0, elapsed=1.132µs
[clickhouse][connect=1][rows] <- progress: rows=0, bytes=0, total rows=0
[clickhouse][connect=1][rows] <- end of stream
[clickhouse][connect=1][rows] close
[clickhouse][connect=1][stmt] close
[clickhouse][connect=1][prepare] 
		SELECT geoid, quantileExact(0.5)(rate) AS rate, count(*) AS samples
		FROM tests
		WHERE upload = ?
		AND started_at >= ?
		AND started_at <= ?
		GROUP BY geoid
		ORDER BY geoid;
[clickhouse][connect=1][send query] 
		SELECT geoid, quantileExact(0.5)(rate) AS rate, count(*) AS samples
		FROM tests
		WHERE upload = 1
		AND started_at >= '2021-01-01'
		AND started_at <= '2021-03-19'
		GROUP BY geoid
		ORDER BY geoid;
[clickhouse][connect=1][read meta] <- data: packet=1, columns=3, rows=0
[clickhouse][connect=1][rows] <- progress: rows=20016601, bytes=460381823, total rows=39649487
[clickhouse][connect=1][rows] <- progress: rows=19632886, bytes=451556378, total rows=0
[clickhouse][connect=1][rows] <- data: packet=1, columns=3, rows=3117, elapsed=1.03272ms
[clickhouse][connect=1][rows] <- profiling: rows=3117, bytes=114688, blocks=1
[clickhouse][connect=1][rows] <- progress: rows=0, bytes=0, total rows=0
[clickhouse][connect=1][rows] <- data: packet=1, columns=0, rows=0, elapsed=1.052µs
[clickhouse][connect=1][rows] <- progress: rows=0, bytes=0, total rows=0
[clickhouse][connect=1][rows] <- end of stream
[clickhouse][connect=1][rows] close
[clickhouse][connect=1][stmt] close
[clickhouse][connect=1][prepare] 
		SELECT geoid, quantileExact(0.5)(rate) AS rate, count(*) AS samples
		FROM tests
		WHERE upload = ?
		AND started_at >= ?
		AND started_at <= ?
		GROUP BY geoid
		ORDER BY geoid;
[clickhouse][connect=1][send query] 
		SELECT geoid, quantileExact(0.5)(rate) AS rate, count(*) AS samples
		FROM tests
		WHERE upload = 0
		AND started_at >= '2021-01-01'
		AND started_at <= '2021-03-19'
		GROUP BY geoid
		ORDER BY geoid;
[clickhouse][connect=1][read meta] <- data: packet=1, columns=3, rows=0
[clickhouse][connect=1][rows] <- progress: rows=18877758, bytes=434188434, total rows=39649487
[clickhouse][connect=1][rows] <- progress: rows=20714385, bytes=476430855, total rows=0
[clickhouse][connect=1][rows] <- data: packet=1, columns=3, rows=3126, elapsed=969.752µs
[clickhouse][connect=1][rows] <- profiling: rows=3126, bytes=114688, blocks=1
[clickhouse][connect=1][rows] <- progress: rows=57344, bytes=1318912, total rows=0
[clickhouse][connect=1][rows] <- data: packet=1, columns=0, rows=0, elapsed=2.525µs
[clickhouse][connect=1][rows] <- progress: rows=0, bytes=0, total rows=0
[clickhouse][connect=1][rows] <- end of stream
[clickhouse][connect=1][rows] close
[clickhouse][connect=1][stmt] close
[clickhouse][connect=1][prepare] 
		SELECT geoid, quantileExact(0.5)(rate) AS rate, count(*) AS samples
		FROM tests
		WHERE upload = ?
		AND started_at >= ?
		AND started_at <= ?
		GROUP BY geoid
		ORDER BY geoid;
[clickhouse][connect=1][send query] 
		SELECT geoid, quantileExact(0.5)(rate) AS rate, count(*) AS samples
		FROM tests
		WHERE upload = 0
		AND started_at >= '2021-01-01'
		AND started_at <= '2021-03-19'
		GROUP BY geoid
		ORDER BY geoid;
[clickhouse][connect=1][read meta] <- data: packet=1, columns=3, rows=0
[clickhouse][connect=1][rows] <- progress: rows=18894297, bytes=434568831, total rows=39649487
[clickhouse][connect=1][rows] <- progress: rows=20566774, bytes=473035802, total rows=0
[clickhouse][connect=1][rows] <- data: packet=1, columns=3, rows=3126, elapsed=1.121486ms
[clickhouse][connect=1][rows] <- profiling: rows=3126, bytes=114688, blocks=1
[clickhouse][connect=1][rows] <- progress: rows=188416, bytes=4333568, total rows=0
[clickhouse][connect=1][rows] <- data: packet=1, columns=0, rows=0, elapsed=2.484µs
[clickhouse][connect=1][rows] <- progress: rows=0, bytes=0, total rows=0
[clickhouse][connect=1][rows] <- end of stream
[clickhouse][connect=1][rows] close
[clickhouse][connect=1][stmt] close
[clickhouse][connect=1][prepare] 
		SELECT geoid, quantileExact(0.5)(rate) AS rate, count(*) AS samples
		FROM tests
		WHERE upload = ?
		AND started_at >= ?
		AND started_at <= ?
		GROUP BY geoid
		ORDER BY geoid;
[clickhouse][connect=1][send query] 
		SELECT geoid, quantileExact(0.5)(rate) AS rate, count(*) AS samples
		FROM tests
		WHERE upload = 0
		AND started_at >= '2021-01-01'
		AND started_at <= '2021-03-19'
		GROUP BY geoid
		ORDER BY geoid;
[clickhouse][connect=1][read meta] <- data: packet=1, columns=3, rows=0
[clickhouse][connect=1][rows] <- progress: rows=19434938, bytes=447003574, total rows=39649487
[clickhouse][connect=1][rows] <- progress: rows=20214549, bytes=464934627, total rows=0
[clickhouse][connect=1][rows] <- data: packet=1, columns=3, rows=3126, elapsed=990.411µs
[clickhouse][connect=1][rows] <- profiling: rows=3126, bytes=114688, blocks=1
[clickhouse][connect=1][rows] <- progress: rows=0, bytes=0, total rows=0
[clickhouse][connect=1][rows] <- data: packet=1, columns=0, rows=0, elapsed=772ns
[clickhouse][connect=1][rows] <- progress: rows=0, bytes=0, total rows=0
[clickhouse][connect=1][rows] <- end of stream
[clickhouse][connect=1][rows] close
[clickhouse][connect=1][stmt] close
[clickhouse][connect=1][prepare] 
		SELECT geoid, quantileExact(0.5)(rate) AS rate, count(*) AS samples
		FROM tests
		WHERE upload = ?
		AND started_at >= ?
		AND started_at <= ?
		GROUP BY geoid
		ORDER BY geoid;
[clickhouse][connect=1][send query] 
		SELECT geoid, quantileExact(0.5)(rate) AS rate, count(*) AS samples
		FROM tests
		WHERE upload = 0
		AND started_at >= '2021-01-01'
		AND started_at <= '2021-03-19'
		GROUP BY geoid
		ORDER BY geoid;
[clickhouse][connect=1][read meta] <- data: packet=1, columns=3, rows=0
[clickhouse][connect=1][rows] <- progress: rows=18599323, bytes=427784429, total rows=39649487
[clickhouse][connect=1][rows] <- progress: rows=20620600, bytes=474273800, total rows=0
[clickhouse][connect=1][rows] <- data: packet=1, columns=3, rows=3126, elapsed=970.603µs
[clickhouse][connect=1][rows] <- profiling: rows=3126, bytes=114688, blocks=1
[clickhouse][connect=1][rows] <- progress: rows=429564, bytes=9879972, total rows=0
[clickhouse][connect=1][rows] <- data: packet=1, columns=0, rows=0, elapsed=2.444µs
[clickhouse][connect=1][rows] <- progress: rows=0, bytes=0, total rows=0
[clickhouse][connect=1][rows] <- end of stream
[clickhouse][connect=1][rows] close
[clickhouse][connect=1][stmt] close
[clickhouse][connect=1][prepare] 
		SELECT geoid, quantileExact(0.5)(rate) AS rate, count(*) AS samples
		FROM tests
		WHERE upload = ?
		AND started_at >= ?
		AND started_at <= ?
		GROUP BY geoid
		ORDER BY geoid;
[clickhouse][connect=1][send query] 
		SELECT geoid, quantileExact(0.5)(rate) AS rate, count(*) AS samples
		FROM tests
		WHERE upload = 1
		AND started_at >= '2021-01-01'
		AND started_at <= '2021-03-19'
		GROUP BY geoid
		ORDER BY geoid;
[clickhouse][connect=1][read meta] <- data: packet=1, columns=3, rows=0
[clickhouse][connect=1][rows] <- progress: rows=19459514, bytes=447568822, total rows=39649487
[clickhouse][connect=1][rows] <- progress: rows=20189973, bytes=464369379, total rows=0
[clickhouse][connect=1][rows] <- data: packet=1, columns=3, rows=3117, elapsed=928.847µs
[clickhouse][connect=1][rows] <- profiling: rows=3117, bytes=114688, blocks=1
[clickhouse][connect=1][rows] <- progress: rows=0, bytes=0, total rows=0
[clickhouse][connect=1][rows] <- data: packet=1, columns=0, rows=0, elapsed=1.222µs
[clickhouse][connect=1][rows] <- progress: rows=0, bytes=0, total rows=0
[clickhouse][connect=1][rows] <- end of stream
[clickhouse][connect=1][rows] close
[clickhouse][connect=1][stmt] close
[clickhouse][connect=1][prepare] 
		SELECT geoid, quantileExact(0.5)(rate) AS rate, count(*) AS samples
		FROM tests
		WHERE upload = ?
		AND started_at >= ?
		AND started_at <= ?
		GROUP BY geoid
		ORDER BY geoid;
[clickhouse][connect=1][send query] 
		SELECT geoid, quantileExact(0.5)(rate) AS rate, count(*) AS samples
		FROM tests
		WHERE upload = 1
		AND started_at >= '2021-01-01'
		AND started_at <= '2021-03-19'
		GROUP BY geoid
		ORDER BY geoid;
[clickhouse][connect=1][read meta] <- data: packet=1, columns=3, rows=0
[clickhouse][connect=1][rows] <- progress: rows=18173246, bytes=417984658, total rows=39649487
[clickhouse][connect=1][rows] <- progress: rows=21465364, bytes=493703372, total rows=0
[clickhouse][connect=1][rows] <- data: packet=1, columns=3, rows=3117, elapsed=1.103622ms
[clickhouse][connect=1][rows] <- profiling: rows=3117, bytes=114688, blocks=1
[clickhouse][connect=1][rows] <- progress: rows=10877, bytes=250171, total rows=0
[clickhouse][connect=1][rows] <- data: packet=1, columns=0, rows=0, elapsed=2.364µs
[clickhouse][connect=1][rows] <- progress: rows=0, bytes=0, total rows=0
[clickhouse][connect=1][rows] <- end of stream
[clickhouse][connect=1][rows] close
[clickhouse][connect=1][stmt] close
[clickhouse][connect=1][prepare] 
		SELECT geoid, quantileExact(0.5)(rate) AS rate, count(*) AS samples
		FROM tests
		WHERE upload = ?
		AND started_at >= ?
		AND started_at <= ?
		GROUP BY geoid
		ORDER BY geoid;
[clickhouse][connect=1][send query] 
		SELECT geoid, quantileExact(0.5)(rate) AS rate, count(*) AS samples
		FROM tests
		WHERE upload = 1
		AND started_at >= '2021-01-01'
		AND started_at <= '2021-03-19'
		GROUP BY geoid
		ORDER BY geoid;
[clickhouse][connect=1][read meta] <- data: packet=1, columns=3, rows=0
[clickhouse][connect=1][rows] <- progress: rows=19852668, bytes=456611364, total rows=39649487
[clickhouse][connect=1][rows] <- progress: rows=19796819, bytes=455326837, total rows=0
[clickhouse][connect=1][rows] <- data: packet=1, columns=3, rows=3117, elapsed=975.604µs
[clickhouse][connect=1][rows] <- profiling: rows=3117, bytes=114688, blocks=1
[clickhouse][connect=1][rows] <- progress: rows=0, bytes=0, total rows=0
[clickhouse][connect=1][rows] <- data: packet=1, columns=0, rows=0, elapsed=1.142µs
[clickhouse][connect=1][rows] <- progress: rows=0, bytes=0, total rows=0
[clickhouse][connect=1][rows] <- end of stream
[clickhouse][connect=1][rows] close
[clickhouse][connect=1][stmt] close
[clickhouse][connect=1][prepare] 
		SELECT geoid, quantileExact(0.5)(rate) AS rate, count(*) AS samples
		FROM tests
		WHERE upload = ?
		AND started_at >= ?
		AND started_at <= ?
		GROUP BY geoid
		ORDER BY geoid;
[clickhouse][connect=1][send query] 
		SELECT geoid, quantileExact(0.5)(rate) AS rate, count(*) AS samples
		FROM tests
		WHERE upload = 1
		AND started_at >= '2021-01-01'
		AND started_at <= '2021-03-19'
		GROUP BY geoid
		ORDER BY geoid;
[clickhouse][connect=1][read meta] <- data: packet=1, columns=3, rows=0
[clickhouse][connect=1][rows] <- progress: rows=19033561, bytes=437771903, total rows=39649487
[clickhouse][connect=1][rows] <- progress: rows=20615926, bytes=474166298, total rows=0
[clickhouse][connect=1][rows] <- data: packet=1, columns=3, rows=3117, elapsed=906.073µs
[clickhouse][connect=1][rows] <- profiling: rows=3117, bytes=114688, blocks=1
[clickhouse][connect=1][rows] <- progress: rows=0, bytes=0, total rows=0
[clickhouse][connect=1][rows] <- data: packet=1, columns=0, rows=0, elapsed=1.272µs
[clickhouse][connect=1][rows] <- progress: rows=0, bytes=0, total rows=0
[clickhouse][connect=1][rows] <- end of stream
[clickhouse][connect=1][rows] close
[clickhouse][connect=1][stmt] close
[clickhouse][connect=1][prepare] 
		SELECT geoid, quantileExact(0.5)(rate) AS rate, count(*) AS samples
		FROM tests
		WHERE upload = ?
		AND started_at >= ?
		AND started_at <= ?
		GROUP BY geoid
		ORDER BY geoid;
[clickhouse][connect=1][send query] 
		SELECT geoid, quantileExact(0.5)(rate) AS rate, count(*) AS samples
		FROM tests
		WHERE upload = 1
		AND started_at >= '2021-01-01'
		AND started_at <= '2021-03-19'
		GROUP BY geoid
		ORDER BY geoid;
[clickhouse][connect=1][read meta] <- data: packet=1, columns=3, rows=0
[clickhouse][connect=1][rows] <- progress: rows=19353018, bytes=445119414, total rows=39649487
[clickhouse][connect=1][rows] <- progress: rows=20296469, bytes=466818787, total rows=0
[clickhouse][connect=1][rows] <- data: packet=1, columns=3, rows=3117, elapsed=979.1µs
[clickhouse][connect=1][rows] <- profiling: rows=3117, bytes=114688, blocks=1
[clickhouse][connect=1][rows] <- progress: rows=0, bytes=0, total rows=0
[clickhouse][connect=1][rows] <- data: packet=1, columns=0, rows=0, elapsed=3.076µs
[clickhouse][connect=1][rows] <- progress: rows=0, bytes=0, total rows=0
[clickhouse][connect=1][rows] <- end of stream
[clickhouse][connect=1][rows] close
[clickhouse][connect=1][stmt] close
[clickhouse][connect=1][prepare] 
		SELECT geoid, quantileExact(0.5)(rate) AS rate, count(*) AS samples
		FROM tests
		WHERE upload = ?
		AND started_at >= ?
		AND started_at <= ?
		GROUP BY geoid
		ORDER BY geoid;
[clickhouse][connect=1][send query] 
		SELECT geoid, quantileExact(0.5)(rate) AS rate, count(*) AS samples
		FROM tests
		WHERE upload = 1
		AND started_at >= '2021-01-01'
		AND started_at <= '2021-03-19'
		GROUP BY geoid
		ORDER BY geoid;
[clickhouse][connect=1][read meta] <- data: packet=1, columns=3, rows=0
[clickhouse][connect=1][rows] <- progress: rows=20377018, bytes=468671414, total rows=39649487
[clickhouse][connect=1][rows] <- progress: rows=19272469, bytes=443266787, total rows=0
[clickhouse][connect=1][rows] <- data: packet=1, columns=3, rows=3117, elapsed=979.892µs
[clickhouse][connect=1][rows] <- profiling: rows=3117, bytes=114688, blocks=1
[clickhouse][connect=1][rows] <- progress: rows=0, bytes=0, total rows=0
[clickhouse][connect=1][rows] <- data: packet=1, columns=0, rows=0, elapsed=2.595µs
[clickhouse][connect=1][rows] <- progress: rows=0, bytes=0, total rows=0
[clickhouse][connect=1][rows] <- end of stream
[clickhouse][connect=1][rows] close
[clickhouse][connect=1][stmt] close
[clickhouse][connect=1][prepare] 
		SELECT geoid, quantileExact(0.5)(rate) AS rate, count(*) AS samples
		FROM tests
		WHERE upload = ?
		AND started_at >= ?
		AND started_at <= ?
		GROUP BY geoid
		ORDER BY geoid;
[clickhouse][connect=1][send query] 
		SELECT geoid, quantileExact(0.5)(rate) AS rate, count(*) AS samples
		FROM tests
		WHERE upload = 1
		AND started_at >= '2021-01-01'
		AND started_at <= '2021-03-19'
		GROUP BY geoid
		ORDER BY geoid;
[clickhouse][connect=1][connect] write error: write tcp 127.0.0.1:43480->127.0.0.1:9000: write: broken pipe
[clickhouse][connect=1][stmt] close
[clickhouse]host(s)=127.0.0.1:9000, database=default, username=default
[clickhouse][dial] secure=false, skip_verify=false, strategy=random, ident=2, server=0 -> 127.0.0.1:9000
[clickhouse][connect=2][hello] -> Golang SQLDriver 1.1.54213
[clickhouse][connect=2][hello] <- ClickHouse 21.3.54447 (US/Pacific)
[clickhouse][connect=2][prepare] 
		SELECT geoid, quantileExact(0.5)(rate) AS rate, count(*) AS samples
		FROM tests
		WHERE upload = ?
		AND started_at >= ?
		AND started_at <= ?
		GROUP BY geoid
		ORDER BY geoid;
[clickhouse][connect=2][send query] 
		SELECT geoid, quantileExact(0.5)(rate) AS rate, count(*) AS samples
		FROM tests
		WHERE upload = 1
		AND started_at >= '2021-01-01'
		AND started_at <= '2021-03-19'
		GROUP BY geoid
		ORDER BY geoid;
[clickhouse][connect=2][read meta] <- data: packet=1, columns=3, rows=0
[clickhouse][connect=2][rows] <- progress: rows=18050459, bytes=415160557, total rows=39649487
[clickhouse][connect=2][rows] <- progress: rows=21599028, bytes=496777644, total rows=0
[clickhouse][connect=2][rows] <- data: packet=1, columns=3, rows=3117, elapsed=959.382µs
[clickhouse][connect=2][rows] <- profiling: rows=3117, bytes=114688, blocks=1
[clickhouse][connect=2][rows] <- progress: rows=0, bytes=0, total rows=0
[clickhouse][connect=2][rows] <- data: packet=1, columns=0, rows=0, elapsed=1.272µs
[clickhouse][connect=2][rows] <- progress: rows=0, bytes=0, total rows=0
[clickhouse][connect=2][rows] <- end of stream
[clickhouse][connect=2][rows] close
[clickhouse][connect=2][stmt] close
[clickhouse][connect=2][prepare] 
		SELECT geoid, quantileExact(0.5)(rate) AS rate, count(*) AS samples
		FROM tests
		WHERE upload = ?
		AND started_at >= ?
		AND started_at <= ?
		GROUP BY geoid
		ORDER BY geoid;
[clickhouse][connect=2][send query] 
		SELECT geoid, quantileExact(0.5)(rate) AS rate, count(*) AS samples
		FROM tests
		WHERE upload = 1
		AND started_at >= '2021-01-01'
		AND started_at <= '2021-02-01'
		GROUP BY geoid
		ORDER BY geoid;
[clickhouse][connect=2][read meta] <- data: packet=1, columns=3, rows=0
[clickhouse][connect=2][rows] <- progress: rows=20417947, bytes=469612781, total rows=39649487
[clickhouse][connect=2][rows] <- progress: rows=19231540, bytes=442325420, total rows=0
[clickhouse][connect=2][rows] <- data: packet=1, columns=3, rows=3117, elapsed=1.051245ms
[clickhouse][connect=2][rows] <- profiling: rows=3117, bytes=114688, blocks=1
[clickhouse][connect=2][rows] <- progress: rows=0, bytes=0, total rows=0
[clickhouse][connect=2][rows] <- data: packet=1, columns=0, rows=0, elapsed=842ns
[clickhouse][connect=2][rows] <- progress: rows=0, bytes=0, total rows=0
[clickhouse][connect=2][rows] <- end of stream
[clickhouse][connect=2][rows] close
[clickhouse][connect=2][stmt] close
[clickhouse][connect=2][prepare] 
		SELECT geoid, quantileExact(0.5)(rate) AS rate, count(*) AS samples
		FROM tests
		WHERE upload = ?
		AND started_at >= ?
		AND started_at <= ?
		GROUP BY geoid
		ORDER BY geoid;
[clickhouse][connect=2][send query] 
		SELECT geoid, quantileExact(0.5)(rate) AS rate, count(*) AS samples
		FROM tests
		WHERE upload = 1
		AND started_at >= '2021-01-01'
		AND started_at <= '2021-03-19'
		GROUP BY geoid
		ORDER BY geoid;
[clickhouse][connect=2][read meta] <- data: packet=1, columns=3, rows=0
[clickhouse][connect=2][rows] <- progress: rows=13635033, bytes=313605759, total rows=39649487
[clickhouse][connect=2][rows] <- progress: rows=20277245, bytes=466376635, total rows=0
[clickhouse][connect=2][rows] <- data: packet=1, columns=3, rows=3117, elapsed=936.65µs
[clickhouse][connect=2][rows] <- profiling: rows=3117, bytes=114688, blocks=1
[clickhouse][connect=2][rows] <- progress: rows=5737209, bytes=131955807, total rows=0
[clickhouse][connect=2][rows] <- data: packet=1, columns=0, rows=0, elapsed=2.324µs
[clickhouse][connect=2][rows] <- progress: rows=0, bytes=0, total rows=0
[clickhouse][connect=2][rows] <- end of stream
[clickhouse][connect=2][rows] close
[clickhouse][connect=2][stmt] close
[clickhouse][connect=2][prepare] 
		SELECT geoid, quantileExact(0.5)(rate) AS rate, count(*) AS samples
		FROM tests
		WHERE upload = ?
		AND started_at >= ?
		AND started_at <= ?
		GROUP BY geoid
		ORDER BY geoid;
[clickhouse][connect=2][send query] 
		SELECT geoid, quantileExact(0.5)(rate) AS rate, count(*) AS samples
		FROM tests
		WHERE upload = 1
		AND started_at >= '2021-01-01'
		AND started_at <= '2021-03-19'
		GROUP BY geoid
		ORDER BY geoid;
[clickhouse][connect=2][read meta] <- data: packet=1, columns=3, rows=0
[clickhouse][connect=2][rows] <- progress: rows=19566010, bytes=450018230, total rows=39649487
[clickhouse][connect=2][rows] <- progress: rows=20083477, bytes=461919971, total rows=0
[clickhouse][connect=2][rows] <- data: packet=1, columns=3, rows=3117, elapsed=971.054µs
[clickhouse][connect=2][rows] <- profiling: rows=3117, bytes=114688, blocks=1
[clickhouse][connect=2][rows] <- progress: rows=0, bytes=0, total rows=0
[clickhouse][connect=2][rows] <- data: packet=1, columns=0, rows=0, elapsed=741ns
[clickhouse][connect=2][rows] <- progress: rows=0, bytes=0, total rows=0
[clickhouse][connect=2][rows] <- end of stream
[clickhouse][connect=2][rows] close
[clickhouse][connect=2][stmt] close
[clickhouse][connect=2][prepare] 
		SELECT geoid, quantileExact(0.5)(rate) AS rate, count(*) AS samples
		FROM tests
		WHERE upload = ?
		AND started_at >= ?
		AND started_at <= ?
		GROUP BY geoid
		ORDER BY geoid;
[clickhouse][connect=2][send query] 
		SELECT geoid, quantileExact(0.5)(rate) AS rate, count(*) AS samples
		FROM tests
		WHERE upload = 0
		AND started_at >= '2021-01-01'
		AND started_at <= '2021-03-19'
		GROUP BY geoid
		ORDER BY geoid;
[clickhouse][connect=2][read meta] <- data: packet=1, columns=3, rows=0
[clickhouse][connect=2][rows] <- progress: rows=15887709, bytes=365417307, total rows=39649487
[clickhouse][connect=2][rows] <- progress: rows=19365091, bytes=445397093, total rows=0
[clickhouse][connect=2][rows] <- data: packet=1, columns=3, rows=3126, elapsed=927.383µs
[clickhouse][connect=2][rows] <- profiling: rows=3126, bytes=114688, blocks=1
[clickhouse][connect=2][rows] <- progress: rows=4396687, bytes=101123801, total rows=0
[clickhouse][connect=2][rows] <- data: packet=1, columns=0, rows=0, elapsed=2.354µs
[clickhouse][connect=2][rows] <- progress: rows=0, bytes=0, total rows=0
[clickhouse][connect=2][rows] <- end of stream
[clickhouse][connect=2][rows] close
[clickhouse][connect=2][stmt] close
[clickhouse][connect=2][prepare] 
		SELECT geoid, quantileExact(0.5)(rate) AS rate, count(*) AS samples
		FROM tests
		WHERE upload = ?
		AND started_at >= ?
		AND started_at <= ?
		GROUP BY geoid
		ORDER BY geoid;
[clickhouse][connect=2][send query] 
		SELECT geoid, quantileExact(0.5)(rate) AS rate, count(*) AS samples
		FROM tests
		WHERE upload = 0
		AND started_at >= '2021-01-01'
		AND started_at <= '2021-03-19'
		GROUP BY geoid
		ORDER BY geoid;
[clickhouse][connect=2][read meta] <- data: packet=1, columns=3, rows=0
[clickhouse][connect=2][rows] <- progress: rows=18599323, bytes=427784429, total rows=39649487
[clickhouse][connect=2][rows] <- progress: rows=20825431, bytes=478984913, total rows=0
[clickhouse][connect=2][rows] <- data: packet=1, columns=3, rows=3126, elapsed=992.355µs
[clickhouse][connect=2][rows] <- profiling: rows=3126, bytes=114688, blocks=1
[clickhouse][connect=2][rows] <- progress: rows=224733, bytes=5168859, total rows=0
[clickhouse][connect=2][rows] <- data: packet=1, columns=0, rows=0, elapsed=2.635µs
[clickhouse][connect=2][rows] <- progress: rows=0, bytes=0, total rows=0
[clickhouse][connect=2][rows] <- end of stream
[clickhouse][connect=2][rows] close
[clickhouse][connect=2][stmt] close
[clickhouse][connect=2][prepare] 
		SELECT geoid, quantileExact(0.5)(rate) AS rate, count(*) AS samples
		FROM tests
		WHERE upload = ?
		AND started_at >= ?
		AND started_at <= ?
		GROUP BY geoid
		ORDER BY geoid;
[clickhouse][connect=2][send query] 
		SELECT geoid, quantileExact(0.5)(rate) AS rate, count(*) AS samples
		FROM tests
		WHERE upload = 1
		AND started_at >= '2021-01-01'
		AND started_at <= '2021-03-19'
		GROUP BY geoid
		ORDER BY geoid;
[clickhouse][connect=2][connect] write error: write tcp 127.0.0.1:43494->127.0.0.1:9000: write: broken pipe
[clickhouse][connect=2][stmt] close
[clickhouse]host(s)=127.0.0.1:9000, database=default, username=default
[clickhouse][dial] secure=false, skip_verify=false, strategy=random, ident=3, server=0 -> 127.0.0.1:9000
[clickhouse][connect=3][hello] -> Golang SQLDriver 1.1.54213
[clickhouse][connect=3][hello] <- ClickHouse 21.3.54447 (US/Pacific)
[clickhouse][connect=3][prepare] 
		SELECT geoid, quantileExact(0.5)(rate) AS rate, count(*) AS samples
		FROM tests
		WHERE upload = ?
		AND started_at >= ?
		AND started_at <= ?
		GROUP BY geoid
		ORDER BY geoid;
[clickhouse][connect=3][send query] 
		SELECT geoid, quantileExact(0.5)(rate) AS rate, count(*) AS samples
		FROM tests
		WHERE upload = 1
		AND started_at >= '2021-01-01'
		AND started_at <= '2021-03-19'
		GROUP BY geoid
		ORDER BY geoid;
[clickhouse][connect=3][read meta] <- data: packet=1, columns=3, rows=0
[clickhouse][connect=3][rows] <- progress: rows=16780668, bytes=385955364, total rows=39649487
[clickhouse][connect=3][rows] <- progress: rows=22238066, bytes=511475518, total rows=0
[clickhouse][connect=3][rows] <- data: packet=1, columns=3, rows=3117, elapsed=955.225µs
[clickhouse][connect=3][rows] <- profiling: rows=3117, bytes=114688, blocks=1
[clickhouse][connect=3][rows] <- progress: rows=630753, bytes=14507319, total rows=0
[clickhouse][connect=3][rows] <- data: packet=1, columns=0, rows=0, elapsed=1.062µs
[clickhouse][connect=3][rows] <- progress: rows=0, bytes=0, total rows=0
[clickhouse][connect=3][rows] <- end of stream
[clickhouse][connect=3][rows] close
[clickhouse][connect=3][stmt] close
[clickhouse][connect=3][prepare] 
		SELECT geoid, quantileExact(0.5)(rate) AS rate, count(*) AS samples
		FROM tests
		WHERE upload = ?
		AND started_at >= ?
		AND started_at <= ?
		GROUP BY geoid
		ORDER BY geoid;
[clickhouse][connect=3][send query] 
		SELECT geoid, quantileExact(0.5)(rate) AS rate, count(*) AS samples
		FROM tests
		WHERE upload = 1
		AND started_at >= '2021-01-01'
		AND started_at <= '2021-03-19'
		GROUP BY geoid
		ORDER BY geoid;
[clickhouse][connect=3][read meta] <- data: packet=1, columns=3, rows=0
[clickhouse][connect=3][rows] <- progress: rows=21015963, bytes=483367149, total rows=39649487
[clickhouse][connect=3][rows] <- progress: rows=18633524, bytes=428571052, total rows=0
[clickhouse][connect=3][rows] <- data: packet=1, columns=3, rows=3117, elapsed=991.484µs
[clickhouse][connect=3][rows] <- profiling: rows=3117, bytes=114688, blocks=1
[clickhouse][connect=3][rows] <- progress: rows=0, bytes=0, total rows=0
[clickhouse][connect=3][rows] <- data: packet=1, columns=0, rows=0, elapsed=872ns
[clickhouse][connect=3][rows] <- progress: rows=0, bytes=0, total rows=0
[clickhouse][connect=3][rows] <- end of stream
[clickhouse][connect=3][rows] close
[clickhouse][connect=3][stmt] close
[clickhouse][connect=3][prepare] 
		SELECT geoid, quantileExact(0.5)(rate) AS rate, count(*) AS samples
		FROM tests
		WHERE upload = ?
		AND started_at >= ?
		AND started_at <= ?
		GROUP BY geoid
		ORDER BY geoid;
[clickhouse][connect=3][send query] 
		SELECT geoid, quantileExact(0.5)(rate) AS rate, count(*) AS samples
		FROM tests
		WHERE upload = 0
		AND started_at >= '2021-01-01'
		AND started_at <= '2021-03-19'
		GROUP BY geoid
		ORDER BY geoid;
[clickhouse][connect=3][read meta] <- data: packet=1, columns=3, rows=0
[clickhouse][connect=3][rows] <- progress: rows=18804216, bytes=432496968, total rows=39649487
[clickhouse][connect=3][rows] <- progress: rows=20689013, bytes=475847299, total rows=0
[clickhouse][connect=3][rows] <- data: packet=1, columns=3, rows=3126, elapsed=981.825µs
[clickhouse][connect=3][rows] <- profiling: rows=3126, bytes=114688, blocks=1
[clickhouse][connect=3][rows] <- progress: rows=156258, bytes=3593934, total rows=0
[clickhouse][connect=3][rows] <- data: packet=1, columns=0, rows=0, elapsed=1.262µs
[clickhouse][connect=3][rows] <- progress: rows=0, bytes=0, total rows=0
[clickhouse][connect=3][rows] <- end of stream
[clickhouse][connect=3][rows] close
[clickhouse][connect=3][stmt] close
[clickhouse][connect=3][prepare] 
		SELECT geoid, quantileExact(0.5)(rate) AS rate, count(*) AS samples
		FROM tests
		WHERE upload = ?
		AND started_at >= ?
		AND started_at <= ?
		GROUP BY geoid
		ORDER BY geoid;
[clickhouse][connect=3][send query] 
		SELECT geoid, quantileExact(0.5)(rate) AS rate, count(*) AS samples
		FROM tests
		WHERE upload = 1
		AND started_at >= '2021-01-01'
		AND started_at <= '2021-03-19'
		GROUP BY geoid
		ORDER BY geoid;
[clickhouse][connect=3][read meta] <- data: packet=1, columns=3, rows=0
[clickhouse][connect=3][rows] <- progress: rows=20041115, bytes=460945645, total rows=39649487
[clickhouse][connect=3][rows] <- progress: rows=19608372, bytes=450992556, total rows=0
[clickhouse][connect=3][rows] <- data: packet=1, columns=3, rows=3117, elapsed=985.673µs
[clickhouse][connect=3][rows] <- profiling: rows=3117, bytes=114688, blocks=1
[clickhouse][connect=3][rows] <- progress: rows=0, bytes=0, total rows=0
[clickhouse][connect=3][rows] <- data: packet=1, columns=0, rows=0, elapsed=1.563µs
[clickhouse][connect=3][rows] <- progress: rows=0, bytes=0, total rows=0
[clickhouse][connect=3][rows] <- end of stream
[clickhouse][connect=3][rows] close
[clickhouse][connect=3][stmt] close
[clickhouse][connect=3][prepare] 
		SELECT geoid, quantileExact(0.5)(rate) AS rate, count(*) AS samples
		FROM tests
		WHERE upload = ?
		AND started_at >= ?
		AND started_at <= ?
		GROUP BY geoid
		ORDER BY geoid;
[clickhouse][connect=3][send query] 
		SELECT geoid, quantileExact(0.5)(rate) AS rate, count(*) AS samples
		FROM tests
		WHERE upload = 1
		AND started_at >= '2021-01-01'
		AND started_at <= '2021-03-19'
		GROUP BY geoid
		ORDER BY geoid;
[clickhouse][connect=3][read meta] <- data: packet=1, columns=3, rows=0
[clickhouse][connect=3][rows] <- progress: rows=19385755, bytes=445872365, total rows=39649487
[clickhouse][connect=3][rows] <- progress: rows=20263732, bytes=466065836, total rows=0
[clickhouse][connect=3][rows] <- data: packet=1, columns=3, rows=3117, elapsed=993.016µs
[clickhouse][connect=3][rows] <- profiling: rows=3117, bytes=114688, blocks=1
[clickhouse][connect=3][rows] <- progress: rows=0, bytes=0, total rows=0
[clickhouse][connect=3][rows] <- data: packet=1, columns=0, rows=0, elapsed=2.695µs
[clickhouse][connect=3][rows] <- progress: rows=0, bytes=0, total rows=0
[clickhouse][connect=3][rows] <- end of stream
[clickhouse][connect=3][rows] close
[clickhouse][connect=3][stmt] close
[clickhouse][connect=3][prepare] 
		SELECT geoid, quantileExact(0.5)(rate) AS rate, count(*) AS samples
		FROM tests
		WHERE upload = ?
		AND started_at >= ?
		AND started_at <= ?
		GROUP BY geoid
		ORDER BY geoid;
[clickhouse][connect=3][send query] 
		SELECT geoid, quantileExact(0.5)(rate) AS rate, count(*) AS samples
		FROM tests
		WHERE upload = 1
		AND started_at >= '2021-01-01'
		AND started_at <= '2021-03-19'
		GROUP BY geoid
		ORDER BY geoid;
[clickhouse][connect=3][connect] write error: write tcp 127.0.0.1:43496->127.0.0.1:9000: write: broken pipe
[clickhouse][connect=3][stmt] close
[clickhouse]host(s)=127.0.0.1:9000, database=default, username=default
[clickhouse][dial] secure=false, skip_verify=false, strategy=random, ident=4, server=0 -> 127.0.0.1:9000
[clickhouse][connect=4][hello] -> Golang SQLDriver 1.1.54213
[clickhouse][connect=4][hello] <- ClickHouse 21.3.54447 (US/Pacific)
[clickhouse][connect=4][prepare] 
		SELECT geoid, quantileExact(0.5)(rate) AS rate, count(*) AS samples
		FROM tests
		WHERE upload = ?
		AND started_at >= ?
		AND started_at <= ?
		GROUP BY geoid
		ORDER BY geoid;
[clickhouse][connect=4][send query] 
		SELECT geoid, quantileExact(0.5)(rate) AS rate, count(*) AS samples
		FROM tests
		WHERE upload = 1
		AND started_at >= '2021-01-01'
		AND started_at <= '2021-03-19'
		GROUP BY geoid
		ORDER BY geoid;
[clickhouse][connect=4][read meta] <- data: packet=1, columns=3, rows=0
[clickhouse][connect=4][rows] <- progress: rows=17182169, bytes=395189887, total rows=39649487
[clickhouse][connect=4][rows] <- progress: rows=22311701, bytes=513169123, total rows=0
[clickhouse][connect=4][rows] <- data: packet=1, columns=3, rows=3117, elapsed=967.159µs
[clickhouse][connect=4][rows] <- profiling: rows=3117, bytes=114688, blocks=1
[clickhouse][connect=4][rows] <- progress: rows=155617, bytes=3579191, total rows=0
[clickhouse][connect=4][rows] <- data: packet=1, columns=0, rows=0, elapsed=1.122µs
[clickhouse][connect=4][rows] <- progress: rows=0, bytes=0, total rows=0
[clickhouse][connect=4][rows] <- end of stream
[clickhouse][connect=4][rows] close
[clickhouse][connect=4][stmt] close
[clickhouse][connect=4][prepare] 
		SELECT geoid, quantileExact(0.5)(rate) AS rate, count(*) AS samples
		FROM tests
		WHERE upload = ?
		AND started_at >= ?
		AND started_at <= ?
		GROUP BY geoid
		ORDER BY geoid;
[clickhouse][connect=4][send query] 
		SELECT geoid, quantileExact(0.5)(rate) AS rate, count(*) AS samples
		FROM tests
		WHERE upload = 1
		AND started_at >= '2021-01-01'
		AND started_at <= '2021-03-19'
		GROUP BY geoid
		ORDER BY geoid;
[clickhouse][connect=4][connect] write error: write tcp 127.0.0.1:43508->127.0.0.1:9000: write: broken pipe
[clickhouse][connect=4][stmt] close
[clickhouse]host(s)=127.0.0.1:9000, database=default, username=default
[clickhouse][dial] secure=false, skip_verify=false, strategy=random, ident=5, server=0 -> 127.0.0.1:9000
[clickhouse][connect=5][hello] -> Golang SQLDriver 1.1.54213
[clickhouse][connect=5][hello] <- ClickHouse 21.3.54447 (US/Pacific)
[clickhouse][connect=5][prepare] 
		SELECT geoid, quantileExact(0.5)(rate) AS rate, count(*) AS samples
		FROM tests
		WHERE upload = ?
		AND started_at >= ?
		AND started_at <= ?
		GROUP BY geoid
		ORDER BY geoid;
[clickhouse][connect=5][send query] 
		SELECT geoid, quantileExact(0.5)(rate) AS rate, count(*) AS samples
		FROM tests
		WHERE upload = 1
		AND started_at >= '2021-01-01'
		AND started_at <= '2021-03-19'
		GROUP BY geoid
		ORDER BY geoid;
[clickhouse][connect=5][read meta] <- data: packet=1, columns=3, rows=0
[clickhouse][connect=5][rows] <- progress: rows=0, bytes=0, total rows=0
[clickhouse][connect=5][rows] <- progress: rows=0, bytes=0, total rows=0
[clickhouse][connect=5][rows] <- progress: rows=0, bytes=0, total rows=0
[clickhouse][connect=5][rows] <- progress: rows=0, bytes=0, total rows=0
[clickhouse][connect=5][rows] <- progress: rows=1179648, bytes=27131904, total rows=39649487
[clickhouse][connect=5][rows] <- progress: rows=262113, bytes=6028599, total rows=0
[clickhouse][connect=5][rows] <- progress: rows=753664, bytes=17334272, total rows=0
[clickhouse][connect=5][rows] <- progress: rows=6438943, bytes=148095689, total rows=0
[clickhouse][connect=5][rows] <- progress: rows=7810459, bytes=179640557, total rows=0
[clickhouse][connect=5][rows] <- progress: rows=10452992, bytes=240418816, total rows=0
[clickhouse][connect=5][rows] <- progress: rows=12219616, bytes=281051168, total rows=0
[clickhouse][connect=5][rows] <- data: packet=1, columns=3, rows=3117, elapsed=2.653733ms
[clickhouse][connect=5][rows] <- profiling: rows=3117, bytes=114688, blocks=1
[clickhouse][connect=5][rows] <- progress: rows=532052, bytes=12237196, total rows=0
[clickhouse][connect=5][rows] <- data: packet=1, columns=0, rows=0, elapsed=1.192µs
[clickhouse][connect=5][rows] <- progress: rows=0, bytes=0, total rows=0
[clickhouse][connect=5][rows] <- end of stream
[clickhouse][connect=5][rows] close
[clickhouse][connect=5][stmt] close
signal: terminated
