yarn run v1.22.10
$ yarn run start-dev
$ webpack serve --config=configs/webpack/dev.js
[34mℹ[39m [90m｢wds｣[39m: Project is running at http://localhost:8080/
[34mℹ[39m [90m｢wds｣[39m: webpack output is served from /
[34mℹ[39m [90m｢wds｣[39m: Content not from webpack is served from /home/untoldone/Source/mlab-mapping/frontend
[34mℹ[39m [90m｢wdm｣[39m: assets by path img/*.png 4.26 KiB
  asset img/947c2b161ed22dce918c7a23eeac836e.png 1.67 KiB [emitted] [immutable] [from: ../node_modules/leaflet/dist/images/layers-2x.png] (auxiliary name: main)
  asset img/6d97c9450e852580a662cd13e20d4425.png 1.54 KiB [emitted] [immutable] [from: ../node_modules/leaflet/dist/images/marker-icon.png] (auxiliary name: main)
  asset img/e98d12059fae85d99d85b120db95a0b8.png 1.05 KiB [emitted] [immutable] [from: ../node_modules/leaflet/dist/images/layers.png] (auxiliary name: main)
asset main.js 10.3 MiB [emitted] [big] (name: main) 1 related asset
asset index.html 877 bytes [emitted]
runtime modules 27 KiB 16 modules
modules by path ../node_modules/ 960 KiB 47 modules
modules by path ./ 9.26 MiB
  modules by path ./assets/ 9.24 MiB
    ./assets/scss/App.scss 1.42 KiB [built] [code generated]
    ./assets/img/o2.json 9.24 MiB [built] [code generated]
    ../node_modules/css-loader/dist/cjs.js!../node_modules/sass-loader/dist/cjs.js!./assets/scss/App.scss 995 bytes [built] [code generated]
  modules by path ./components/*.tsx 16 KiB
    ./components/App.tsx 4.65 KiB [built] [code generated]
    ./components/Map.tsx 11.4 KiB [built] [code generated]
  ./index.tsx 984 bytes [built] [code generated]
external "React" 42 bytes [built] [code generated]
external "ReactDOM" 42 bytes [built] [code generated]
webpack 5.25.0 compiled successfully in 4662 ms
[34mℹ[39m [90m｢wdm｣[39m: Compiled successfully.
yarn run v1.22.10
$ yarn run start-dev
$ webpack serve --config=configs/webpack/dev.js
[34mℹ[39m [90m｢wds｣[39m: Project is running at http://localhost:8080/
[34mℹ[39m [90m｢wds｣[39m: webpack output is served from /
[34mℹ[39m [90m｢wds｣[39m: Content not from webpack is served from /home/untoldone/Source/mlab-mapping/frontend
[34mℹ[39m [90m｢wdm｣[39m: assets by path img/*.png 4.26 KiB
  asset img/947c2b161ed22dce918c7a23eeac836e.png 1.67 KiB [emitted] [immutable] [from: ../node_modules/leaflet/dist/images/layers-2x.png] (auxiliary name: main)
  asset img/6d97c9450e852580a662cd13e20d4425.png 1.54 KiB [emitted] [immutable] [from: ../node_modules/leaflet/dist/images/marker-icon.png] (auxiliary name: main)
  asset img/e98d12059fae85d99d85b120db95a0b8.png 1.05 KiB [emitted] [immutable] [from: ../node_modules/leaflet/dist/images/layers.png] (auxiliary name: main)
asset main.js 10.3 MiB [emitted] [big] (name: main) 1 related asset
asset index.html 877 bytes [emitted]
runtime modules 27 KiB 16 modules
modules by path ../node_modules/ 960 KiB 47 modules
modules by path ./ 9.26 MiB
  modules by path ./assets/ 9.24 MiB
    ./assets/scss/App.scss 1.42 KiB [built] [code generated]
    ./assets/img/o2.json 9.24 MiB [built] [code generated]
    ../node_modules/css-loader/dist/cjs.js!../node_modules/sass-loader/dist/cjs.js!./assets/scss/App.scss 995 bytes [built] [code generated]
  modules by path ./components/*.tsx 16 KiB
    ./components/App.tsx 4.65 KiB [built] [code generated]
    ./components/Map.tsx 11.4 KiB [built] [code generated]
  ./index.tsx 984 bytes [built] [code generated]
external "React" 42 bytes [built] [code generated]
external "ReactDOM" 42 bytes [built] [code generated]
webpack 5.25.0 compiled successfully in 4493 ms
[34mℹ[39m [90m｢wdm｣[39m: Compiled successfully.
Terminated
error Command failed with exit code 143.
info Visit https://yarnpkg.com/en/docs/cli/run for documentation about this command.
error Command failed with exit code 143.
info Visit https://yarnpkg.com/en/docs/cli/run for documentation about this command.
yarn run v1.22.10
$ yarn run start-dev
$ webpack serve --config=configs/webpack/dev.js
[34mℹ[39m [90m｢wds｣[39m: Project is running at http://0.0.0.0:8080/
[34mℹ[39m [90m｢wds｣[39m: webpack output is served from /
[34mℹ[39m [90m｢wds｣[39m: Content not from webpack is served from /home/untoldone/Source/mlab-mapping/frontend
yarn run v1.22.10
$ yarn run start-dev
$ webpack serve --config=configs/webpack/dev.js
[34mℹ[39m [90m｢wds｣[39m: Project is running at http://0.0.0.0:8080/
[34mℹ[39m [90m｢wds｣[39m: webpack output is served from /
[34mℹ[39m [90m｢wds｣[39m: Content not from webpack is served from /home/untoldone/Source/mlab-mapping/frontend
[34mℹ[39m [90m｢wdm｣[39m: assets by path img/*.png 4.26 KiB
  asset img/947c2b161ed22dce918c7a23eeac836e.png 1.67 KiB [emitted] [immutable] [from: ../node_modules/leaflet/dist/images/layers-2x.png] (auxiliary name: main)
  asset img/6d97c9450e852580a662cd13e20d4425.png 1.54 KiB [emitted] [immutable] [from: ../node_modules/leaflet/dist/images/marker-icon.png] (auxiliary name: main)
  asset img/e98d12059fae85d99d85b120db95a0b8.png 1.05 KiB [emitted] [immutable] [from: ../node_modules/leaflet/dist/images/layers.png] (auxiliary name: main)
asset main.js 10.3 MiB [emitted] [big] (name: main) 1 related asset
asset index.html 877 bytes [emitted]
runtime modules 27 KiB 16 modules
modules by path ../node_modules/ 965 KiB 48 modules
modules by path ./ 9.26 MiB
  modules by path ./assets/ 9.24 MiB
    ./assets/scss/App.scss 1.42 KiB [built] [code generated]
    ./assets/img/o2.json 9.24 MiB [built] [code generated]
    ../node_modules/css-loader/dist/cjs.js!../node_modules/sass-loader/dist/cjs.js!./assets/scss/App.scss 995 bytes [built] [code generated]
  modules by path ./components/*.tsx 16 KiB
    ./components/App.tsx 4.65 KiB [built] [code generated]
    ./components/Map.tsx 11.4 KiB [built] [code generated]
  ./index.tsx 984 bytes [built] [code generated]
external "React" 42 bytes [built] [code generated]
external "ReactDOM" 42 bytes [built] [code generated]
webpack 5.25.0 compiled successfully in 4152 ms
[34mℹ[39m [90m｢wdm｣[39m: Compiled successfully.
[34mℹ[39m [90m｢wdm｣[39m: Compiling...
[34mℹ[39m [90m｢wdm｣[39m: assets by status 4.26 KiB [cached] 3 assets
assets by status 10.3 MiB [emitted]
  assets by path *.js 10.3 MiB
    asset main.js 10.3 MiB [emitted] [big] (name: main) 1 related asset
    asset main.d52221c141dec22fbbf6.hot-update.js 13 KiB [emitted] [immutable] [hmr] (name: main) 1 related asset
  asset index.html 877 bytes [emitted]
  asset main.d52221c141dec22fbbf6.hot-update.json 28 bytes [emitted] [immutable] [hmr]
Entrypoint main [big] 10.3 MiB (1.2 MiB) = main.js 10.3 MiB main.d52221c141dec22fbbf6.hot-update.js 13 KiB 5 auxiliary assets
cached modules 10.2 MiB [cached] 66 modules
runtime modules 27 KiB 16 modules
./components/Map.tsx 11.4 KiB [built] [code generated]
webpack 5.25.0 compiled successfully in 1971 ms
[34mℹ[39m [90m｢wdm｣[39m: Compiled successfully.
